
> @smart-bus/admin@0.1.0 build /vercel/share/v0-project/apps/admin
> next build

   ▲ Next.js 15.5.21

   Creating an optimized production build ...
 ✓ Compiled successfully in 6.4s
   Linting and checking validity of types ...
   Collecting page data ...
   Generating static pages (0/7) ...
   Generating static pages (1/7) 
   Generating static pages (3/7) 
   Generating static pages (5/7) 
 ✓ Generating static pages (7/7)
   Finalizing page optimization ...
   Collecting build traces ...

Route (app)                                 Size  First Load JS
┌ ○ /                                    2.37 kB         105 kB
├ ○ /_not-found                            993 B         104 kB
├ ○ /buses                               2.75 kB         105 kB
├ ○ /routes                              1.34 kB         104 kB
└ ○ /trips                               1.49 kB         104 kB
+ First Load JS shared by all             103 kB
  ├ chunks/855b6565-221baf847127e0cd.js  54.2 kB
  ├ chunks/881-e4a04159f8edfbb6.js       46.4 kB
  └ other shared chunks (total)           1.9 kB


○  (Static)  prerendered as static content

